<?xml version="1.0" encoding="UTF-8"?>
<testng-results skipped="0" failed="0" total="2" passed="2">
  <reporter-output>
  </reporter-output>
  <suite name="Surefire suite" duration-ms="23" started-at="2017-10-25T19:45:57Z" finished-at="2017-10-25T19:45:57Z">
    <groups>
    </groups>
    <test name="Surefire test" duration-ms="23" started-at="2017-10-25T19:45:57Z" finished-at="2017-10-25T19:45:57Z">
      <class name="com.ardublock.MainTest">
        <test-method status="PASS" signature="setUp()[pri:0, instance:com.ardublock.MainTest@256216b3]" name="setUp" is-config="true" duration-ms="13" started-at="2017-10-25T19:45:57Z" finished-at="2017-10-25T19:45:57Z">
        </test-method>
        <test-method status="PASS" signature="testFiles()[pri:0, instance:com.ardublock.MainTest@256216b3]" name="testFiles" duration-ms="1" started-at="2017-10-25T19:45:57Z" finished-at="2017-10-25T19:45:57Z">
        </test-method>
        <test-method status="PASS" signature="testSingleLoop()[pri:0, instance:com.ardublock.MainTest@256216b3]" name="testSingleLoop" duration-ms="0" started-at="2017-10-25T19:45:57Z" finished-at="2017-10-25T19:45:57Z">
        </test-method>
      </class>
    </test>
  </suite>
</testng-results>
